<?xml version="1.0" encoding="UTF-8"?>
<!-- Generated by org.testng.reporters.JUnitXMLReporter -->
<testsuite ignored="0" hostname="DESKTOP-TTB3E54" failures="2" tests="4" name="Test" time="92.224" errors="0" timestamp="2021-07-21T13:29:52 EDT">
  <testcase classname="Tests.AirCanadaTest" name="TicketBooking" time="8.978"/>
  <testcase classname="Tests.AirCanadaTest" name="hh" time="1.432"/>
  <testcase classname="Tests.AirCanadaTest" name="ff" time="1.511">
    <failure type="java.lang.AssertionError" message="The Hover is working expected [true] but found [false]">
      <![CDATA[java.lang.AssertionError: The Hover is working expected [true] but found [false]
at Pages.TicketPage.Hover(TicketPage.java:79)
at Tests.AirCanadaTest.ff(AirCanadaTest.java:41)
at java.base/java.util.ArrayList.forEach(ArrayList.java:1511)
... Removed 30 stack frames]]>
    </failure>
  </testcase> <!-- ff -->
  <testcase classname="Tests.Login" name="LoginUdemy" time="6.072">
    <failure type="java.lang.AssertionError" message="expected [true] but found [false]">
      <![CDATA[java.lang.AssertionError: expected [true] but found [false]
at Tests.Login.LoginUdemy(Login.java:22)
at java.base/java.util.ArrayList.forEach(ArrayList.java:1511)
... Removed 31 stack frames]]>
    </failure>
  </testcase> <!-- LoginUdemy -->
</testsuite> <!-- Test -->
